1584576582596	geckodriver	INFO	geckodriver 0.19.1 (0000000000000000000000000000000000000000 2017-10-31)
1584576582608	geckodriver	INFO	Listening on 127.0.0.1:65207
1585523602069	geckodriver	INFO	geckodriver 0.19.1 (0000000000000000000000000000000000000000 2017-10-31)
1585523602078	geckodriver	INFO	Listening on 127.0.0.1:65162
1585523879742	geckodriver	INFO	geckodriver 0.19.1 (0000000000000000000000000000000000000000 2017-10-31)
1585523879747	geckodriver	INFO	Listening on 127.0.0.1:65410
1585524400757	mozrunner::runner	INFO	Running command: "C:\\Program Files\\Mozilla Firefox\\firefox.exe" "-marionette" "-foreground" "-no-remote" "-profile" "C:\\Users\\SIDHES~1.TON\\AppData\\Local\\Temp\\rust_mozprofilelltMv8"
1585524401094	addons.webextension.doh-rollout@mozilla.org	WARN	Loading extension 'doh-rollout@mozilla.org': Reading manifest: Invalid extension permission: networkStatus
1585524401814	addons.webextension.screenshots@mozilla.org	WARN	Loading extension 'screenshots@mozilla.org': Reading manifest: Invalid extension permission: mozillaAddons
1585524401814	addons.webextension.screenshots@mozilla.org	WARN	Loading extension 'screenshots@mozilla.org': Reading manifest: Invalid extension permission: telemetry
1585524401814	addons.webextension.screenshots@mozilla.org	WARN	Loading extension 'screenshots@mozilla.org': Reading manifest: Invalid extension permission: resource://pdf.js/
1585524401815	addons.webextension.screenshots@mozilla.org	WARN	Loading extension 'screenshots@mozilla.org': Reading manifest: Invalid extension permission: about:reader*
JavaScript error: resource://gre/modules/XULStore.jsm, line 66: Error: Can't find profile directory.
1585524403552	Marionette	INFO	Listening on port 58780
1585524403889	Marionette	WARN	TLS certificate errors will be ignored for this session
1585524406563	Marionette	WARN	TimedPromise timed out after 500 ms: stacktrace:
TimedPromise/<@chrome://marionette/content/sync.js:244:13
TimedPromise@chrome://marionette/content/sync.js:229:10
interaction.flushEventLoop@chrome://marionette/content/interaction.js:416:10
webdriverClickElement@chrome://marionette/content/interaction.js:182:31
1585524407082	Marionette	INFO	Stopped listening on port 58780

###!!! [Child][RunMessage] Error: Channel closing: too late to send/recv, messages will be lost


###!!! [Child][MessageChannel::SendAndWait] Error: Channel error: cannot send/recv

